[backblue.gif]
[fade.gif]
[index.html]
[web/index-2.html]
[web/index-3.html]
[web/index-4.html]
[web/images/16051707654924.png]
[web/images/16043305454630.png]
[web/images/16043773065252.jpg]
[web/images/16295316809040.jpg]
[web/images/avatar.png]
[web/images/bundle20201109.js]
[web/index.html]
[web/favicon.html]
[web/images/style20201109.css]
[web/xmlrpc.html]
[web/xmlrpc0db0.html]
[web/xmlrpc2ace.html]
[web/index-35.html]
[web/8-2.html]
[web/8-3.html]
[web/8-4.html]
[web/8.html]
[web/9-2.html]
[web/9-3.html]
[web/9-4.html]
[web/images/apple-icon-57x57.png]
[web/images/apple-touch-icon.png]
[web/9.html]
[web/start-page-2.html]
[web/start-page-3.html]
[web/start-page-4.html]
[web/start-page.html]
[web/index-37.html]
[web/index-36.html]
[web/index-38.html]
[web/images/16043686604695.png]
[web/images/16043686924621.jpg]
[web/images/16043687256363.jpg]
[web/images/16162518715628.jpg]
[web/images/16043688114310.jpg]
[web/index-5.html]
[web/index-6.html]
[web/index-7.html]
[web/index-39.html]
[web/index-40.html]
[web/index-41.html]
[web/images/16200336116020.png]
[web/index-42.html]
[web/index-43.html]
[web/images/16200336317620.png]
[web/index-44.html]
[web/images/16198784315155.jpg]
[web/images/16198785132678.jpg]
[web/index-45.html]
[web/index-46.html]
[web/images/16198788751795.jpg]
[web/index-47.html]
[web/images/16198790286475.jpg]
[web/index-8.html]
[web/index-9.html]
[web/index-10.html]
[web/index-49.html]
[web/index-50.html]
[web/index-51.html]
[web/index-48.html]
[web/index-53.html]
[web/index-52.html]
[web/images/16043773761056.jpg]
[web/index-54.html]
[web/index-55.html]
[web/index-56.html]
[web/images/16043774109342.jpg]
[web/index-11.html]
[web/index-12.html]
[web/index-13.html]
[web/index-14.html]
[web/index-57.html]
[web/index-58.html]
[web/index-59.html]
[web/index-15.html]
[web/index-60.html]
[web/index-61.html]
[web/index-16.html]
[web/index-62.html]
[web/index-17.html]
[web/index-63.html]
[web/index-64.html]
[web/index-18.html]
[web/index-65.html]
[web/index-66.html]
[web/index-19.html]
[web/index-67.html]
[web/index-20.html]
[web/index-68.html]
[web/index-21.html]
[web/index-69.html]
[web/index-71.html]
[web/index-70.html]
[web/index-22.html]
[web/index-73.html]
[web/index-74.html]
[web/index-72.html]
[web/index-23.html]
[web/index-75.html]
[web/index-76.html]
[web/index-77.html]
[web/index-24.html]
[web/index-78.html]
[web/index-79.html]
[web/index-80.html]
[web/index-25.html]
[web/index-81.html]
[web/index-82.html]
[web/index-83.html]
[web/index-26.html]
[web/index-84.html]
[web/index-27.html]
[web/index-85.html]
[web/index-87.html]
[web/index-86.html]
[web/index-28.html]
[web/index-88.html]
[web/index-29.html]
[web/index-89.html]
[web/index-30.html]
[web/index-90.html]
[web/index-92.html]
[web/index-91.html]
[web/index-31.html]
[web/index-93.html]
[web/index-32.html]
[web/index-94.html]
[web/index-95.html]
[web/index-33.html]
[web/index-97.html]
[web/index-34.html]
[web/index-98.html]
[web/index-99.html]
[web/index-100.html]
[web/indexa372.html]
[web/index-101.html]
[web/index-103.html]
[web/index-102.html]
[web/index67d1.html]
[web/index-104.html]
[web/index-105.html]
[web/index5022.html]
[web/index-106.html]
[web/indexee7d.html]
[web/index-107.html]
[web/index1012.html]
[web/index-108.html]
[web/indexa57b.html]
[web/index-109.html]
[web/index-96.html]
[web/index-110.html]
[web/index-111.html]
[web/index-112.html]
[web/index-113.html]
[web/index-115.html]
[web/index-114.html]
[web/index-116.html]
[web/index-117.html]
[web/index-119.html]
[web/index-120.html]
[web/index-118.html]
[web/index-121.html]
[web/index-122.html]
[web/index-123.html]
[web/index-124.html]
[web/index-125.html]
[web/index-126.html]
[web/index-129.html]
[web/index-128.html]
[web/index-130.html]
[web/index-127.html]
[web/index-131.html]
[web/index-132.html]
[web/index-133.html]
